                               No. of Molecules =      200
                  No. of Atoms in Each Molecule =        1
                                      Time Step =          1.0000
                                No. of MD Steps =      600
                            Desired Temperature =         85.0000
                            Cubix Box Dimension =         21.1606
                   Lennard-Jones Parameters eps =          0.2381    Sigms          3.4050
      Cutoff for Lennard-Jones potential (RCut) =         10.0000
                                Mass of LJ Atom =         39.9480




Temperature is set to       85.000
Initial potential en        -263.22998
        Step              PE              KE                TE 
         1          -263.27355          50.46422        -212.80932
         2          -263.31682          50.50749        -212.80933
         3          -263.35977          50.55044        -212.80933
         4          -263.40237          50.59304        -212.80933
         5          -263.44459          50.63526        -212.80933
         6          -263.48642          50.67709        -212.80933
         7          -263.52783          50.71850        -212.80933
         8          -263.56880          50.75947        -212.80933
         9          -263.60931          50.79998        -212.80933
        10          -263.64934          50.84000        -212.80933
        11          -263.68886          50.87952        -212.80934
        12          -263.72785          50.91852        -212.80934
        13          -263.76630          50.95696        -212.80934
        14          -263.80418          50.99484        -212.80934
        15          -263.84148          51.03214        -212.80934
        16          -263.87817          51.06883        -212.80934
        17          -263.91423          51.10489        -212.80934
        18          -263.94964          51.14030        -212.80934
        19          -263.98438          51.17504        -212.80934
        20          -264.01844          51.20910        -212.80934
        21          -264.05179          51.24244        -212.80934
        22          -264.08441          51.27507        -212.80934
        23          -264.11629          51.30695        -212.80934
        24          -264.14742          51.33807        -212.80935
        25          -264.17776          51.36842        -212.80935
        26          -264.20732          51.39797        -212.80935
        27          -264.23607          51.42672        -212.80935
        28          -264.26401          51.45466        -212.80935
        29          -264.29111          51.48176        -212.80935
        30          -264.31736          51.50801        -212.80935
        31          -264.34273          51.53338        -212.80935
        32          -264.36722          51.55787        -212.80935
        33          -264.39082          51.58147        -212.80935
        34          -264.41352          51.60417        -212.80935
        35          -264.43531          51.62595        -212.80935
        36          -264.45616          51.64681        -212.80935
        37          -264.47608          51.66673        -212.80935
        38          -264.49505          51.68570        -212.80935
        39          -264.51306          51.70371        -212.80935
        40          -264.53011          51.72076        -212.80935
        41          -264.54618          51.73682        -212.80935
        42          -264.56125          51.75190        -212.80935
        43          -264.57534          51.76599        -212.80935
        44          -264.58842          51.77907        -212.80935
        45          -264.60050          51.79115        -212.80935
        46          -264.61157          51.80221        -212.80935
        47          -264.62162          51.81226        -212.80936
        48          -264.63064          51.82129        -212.80936
        49          -264.63863          51.82927        -212.80936
        50          -264.64558          51.83623        -212.80936
        51          -264.65149          51.84214        -212.80936
        52          -264.65635          51.84700        -212.80936
        53          -264.66016          51.85080        -212.80936
        54          -264.66292          51.85356        -212.80936
        55          -264.66461          51.85525        -212.80936
        56          -264.66523          51.85588        -212.80936
        57          -264.66479          51.85543        -212.80936
        58          -264.66327          51.85391        -212.80936
        59          -264.66068          51.85132        -212.80936
        60          -264.65701          51.84766        -212.80936
        61          -264.65227          51.84292        -212.80936
        62          -264.64645          51.83710        -212.80936
        63          -264.63955          51.83020        -212.80936
        64          -264.63157          51.82221        -212.80935
        65          -264.62250          51.81315        -212.80935
        66          -264.61234          51.80299        -212.80935
        67          -264.60110          51.79175        -212.80935
        68          -264.58877          51.77942        -212.80936
        69          -264.57536          51.76600        -212.80936
        70          -264.56085          51.75149        -212.80936
        71          -264.54525          51.73589        -212.80936
        72          -264.52855          51.71919        -212.80936
        73          -264.51076          51.70140        -212.80936
        74          -264.49187          51.68251        -212.80936
        75          -264.47189          51.66253        -212.80936
        76          -264.45082          51.64146        -212.80936
        77          -264.42865          51.61930        -212.80936
        78          -264.40540          51.59604        -212.80936
        79          -264.38105          51.57169        -212.80936
        80          -264.35562          51.54626        -212.80936
        81          -264.32910          51.51974        -212.80936
        82          -264.30150          51.49214        -212.80936
        83          -264.27281          51.46345        -212.80936
        84          -264.24304          51.43369        -212.80936
        85          -264.21221          51.40285        -212.80936
        86          -264.18031          51.37095        -212.80936
        87          -264.14735          51.33799        -212.80936
        88          -264.11333          51.30397        -212.80936
        89          -264.07825          51.26889        -212.80936
        90          -264.04212          51.23276        -212.80936
        91          -264.00496          51.19560        -212.80936
        92          -263.96676          51.15739        -212.80936
        93          -263.92753          51.11817        -212.80936
        94          -263.88729          51.07793        -212.80936
        95          -263.84604          51.03668        -212.80936
        96          -263.80379          50.99442        -212.80936
        97          -263.76055          50.95118        -212.80936
        98          -263.71632          50.90696        -212.80937
        99          -263.67113          50.86177        -212.80936
       100          -263.62500          50.81563        -212.80937
       101          -263.57793          50.76857        -212.80937
       102          -263.52993          50.72057        -212.80936
       103          -263.48103          50.67167        -212.80937
       104          -263.43124          50.62187        -212.80936
       105          -263.38056          50.57119        -212.80936
       106          -263.32902          50.51965        -212.80936
       107          -263.27663          50.46727        -212.80936
       108          -263.22343          50.41407        -212.80936
       109          -263.16942          50.36006        -212.80936
       110          -263.11462          50.30526        -212.80936
       111          -263.05907          50.24971        -212.80936
       112          -263.00277          50.19341        -212.80936
       113          -262.94576          50.13640        -212.80936
       114          -262.88806          50.07871        -212.80935
       115          -262.82969          50.02034        -212.80935
       116          -262.77068          49.96133        -212.80935
       117          -262.71105          49.90170        -212.80935
       118          -262.65083          49.84148        -212.80935
       119          -262.59004          49.78070        -212.80934
       120          -262.52873          49.71939        -212.80934
       121          -262.46692          49.65758        -212.80934
       122          -262.40465          49.59531        -212.80934
       123          -262.34193          49.53260        -212.80934
       124          -262.27881          49.46948        -212.80934
       125          -262.21531          49.40597        -212.80933
       126          -262.15146          49.34214        -212.80933
       127          -262.08733          49.27800        -212.80933
       128          -262.02292          49.21359        -212.80933
       129          -261.95826          49.14894        -212.80932
       130          -261.89341          49.08409        -212.80932
       131          -261.82840          49.01908        -212.80932
       132          -261.76325          48.95394        -212.80932
       133          -261.69802          48.88871        -212.80932
       134          -261.63274          48.82343        -212.80932
       135          -261.56746          48.75814        -212.80931
       136          -261.50221          48.69289        -212.80931
       137          -261.43703          48.62772        -212.80931
       138          -261.37197          48.56266        -212.80931
       139          -261.30707          48.49776        -212.80931
       140          -261.24237          48.43307        -212.80931
       141          -261.17792          48.36862        -212.80930
       142          -261.11376          48.30446        -212.80930
       143          -261.04995          48.24065        -212.80929
       144          -260.98652          48.17723        -212.80929
       145          -260.92353          48.11424        -212.80929
       146          -260.86102          48.05173        -212.80929
       147          -260.79904          47.98976        -212.80929
       148          -260.73764          47.92836        -212.80928
       149          -260.67688          47.86760        -212.80928
       150          -260.61678          47.80751        -212.80927
       151          -260.55741          47.74814        -212.80927
       152          -260.49880          47.68954        -212.80926
       153          -260.44101          47.63175        -212.80926
       154          -260.38409          47.57483        -212.80926
       155          -260.32808          47.51883        -212.80925
       156          -260.27304          47.46378        -212.80925
       157          -260.21901          47.40976        -212.80925
       158          -260.16604          47.35679        -212.80925
       159          -260.11419          47.30494        -212.80924
       160          -260.06350          47.25426        -212.80924
       161          -260.01403          47.20479        -212.80924
       162          -259.96583          47.15659        -212.80924
       163          -259.91893          47.10970        -212.80923
       164          -259.87340          47.06417        -212.80923
       165          -259.82927          47.02004        -212.80923
       166          -259.78659          46.97737        -212.80922
       167          -259.74542          46.93621        -212.80922
       168          -259.70581          46.89659        -212.80922
       169          -259.66779          46.85857        -212.80922
       170          -259.63141          46.82219        -212.80922
       171          -259.59672          46.78751        -212.80921
       172          -259.56375          46.75454        -212.80921
       173          -259.53255          46.72334        -212.80921
       174          -259.50316          46.69396        -212.80920
       175          -259.47562          46.66643        -212.80920
       176          -259.44999          46.64079        -212.80919
       177          -259.42627          46.61709        -212.80919
       178          -259.40453          46.59534        -212.80918
       179          -259.38478          46.57559        -212.80918
       180          -259.36706          46.55788        -212.80918
       181          -259.35140          46.54222        -212.80918
       182          -259.33784          46.52867        -212.80917
       183          -259.32641          46.51724        -212.80917
       184          -259.31715          46.50798        -212.80917
       185          -259.31005          46.50088        -212.80917
       186          -259.30516          46.49599        -212.80917
       187          -259.30249          46.49333        -212.80917
       188          -259.30207          46.49291        -212.80916
       189          -259.30392          46.49475        -212.80916
       190          -259.30804          46.49888        -212.80916
       191          -259.31447          46.50531        -212.80916
       192          -259.32321          46.51405        -212.80916
       193          -259.33427          46.52511        -212.80916
       194          -259.34766          46.53850        -212.80916
       195          -259.36338          46.55422        -212.80916
       196          -259.38145          46.57228        -212.80916
       197          -259.40185          46.59268        -212.80916
       198          -259.42460          46.61543        -212.80917
       199          -259.44969          46.64052        -212.80917
       200          -259.47712          46.66796        -212.80917
       201          -259.50689          46.69772        -212.80917
       202          -259.53897          46.72980        -212.80917
       203          -259.57336          46.76419        -212.80917
       204          -259.61003          46.80086        -212.80917
       205          -259.64898          46.83981        -212.80917
       206          -259.69017          46.88100        -212.80917
       207          -259.73359          46.92442        -212.80917
       208          -259.77921          46.97003        -212.80917
       209          -259.82701          47.01783        -212.80918
       210          -259.87694          47.06776        -212.80918
       211          -259.92899          47.11981        -212.80918
       212          -259.98310          47.17392        -212.80918
       213          -260.03925          47.23007        -212.80918
       214          -260.09739          47.28820        -212.80919
       215          -260.15746          47.34827        -212.80919
       216          -260.21943          47.41024        -212.80919
       217          -260.28324          47.47405        -212.80920
       218          -260.34885          47.53965        -212.80920
       219          -260.41619          47.60698        -212.80920
       220          -260.48520          47.67599        -212.80921
       221          -260.55583          47.74662        -212.80921
       222          -260.62802          47.81880        -212.80922
       223          -260.70170          47.89248        -212.80922
       224          -260.77681          47.96758        -212.80923
       225          -260.85328          48.04405        -212.80923
       226          -260.93103          48.12179        -212.80923
       227          -261.00999          48.20075        -212.80924
       228          -261.09008          48.28084        -212.80924
       229          -261.17124          48.36199        -212.80925
       230          -261.25338          48.44413        -212.80925
       231          -261.33643          48.52717        -212.80926
       232          -261.42031          48.61104        -212.80927
       233          -261.50493          48.69566        -212.80927
       234          -261.59023          48.78095        -212.80928
       235          -261.67611          48.86683        -212.80928
       236          -261.76250          48.95321        -212.80929
       237          -261.84932          49.04002        -212.80929
       238          -261.93647          49.12717        -212.80930
       239          -262.02387          49.21457        -212.80930
       240          -262.11144          49.30214        -212.80930
       241          -262.19910          49.38979        -212.80931
       242          -262.28677          49.47745        -212.80931
       243          -262.37436          49.56504        -212.80932
       244          -262.46179          49.65247        -212.80932
       245          -262.54900          49.73967        -212.80933
       246          -262.63589          49.82656        -212.80933
       247          -262.72239          49.91306        -212.80933
       248          -262.80844          49.99910        -212.80934
       249          -262.89395          50.08461        -212.80934
       250          -262.97885          50.16951        -212.80934
       251          -263.06308          50.25374        -212.80935
       252          -263.14657          50.33722        -212.80935
       253          -263.22924          50.41989        -212.80935
       254          -263.31105          50.50169        -212.80936
       255          -263.39193          50.58257        -212.80936
       256          -263.47182          50.66246        -212.80936
       257          -263.55068          50.74131        -212.80937
       258          -263.62843          50.81906        -212.80937
       259          -263.70504          50.89567        -212.80937
       260          -263.78046          50.97109        -212.80937
       261          -263.85466          51.04528        -212.80937
       262          -263.92759          51.11821        -212.80937
       263          -263.99923          51.18985        -212.80938
       264          -264.06953          51.26015        -212.80938
       265          -264.13846          51.32909        -212.80938
       266          -264.20600          51.39663        -212.80938
       267          -264.27212          51.46274        -212.80938
       268          -264.33679          51.52741        -212.80938
       269          -264.40001          51.59063        -212.80938
       270          -264.46175          51.65237        -212.80938
       271          -264.52201          51.71263        -212.80938
       272          -264.58076          51.77138        -212.80938
       273          -264.63802          51.82864        -212.80938
       274          -264.69376          51.88438        -212.80938
       275          -264.74799          51.93862        -212.80938
       276          -264.80072          51.99134        -212.80937
       277          -264.85194          52.04257        -212.80937
       278          -264.90166          52.09229        -212.80937
       279          -264.94990          52.14053        -212.80937
       280          -264.99667          52.18731        -212.80937
       281          -265.04200          52.23264        -212.80937
       282          -265.08590          52.27653        -212.80937
       283          -265.12838          52.31901        -212.80937
       284          -265.16946          52.36009        -212.80937
       285          -265.20916          52.39979        -212.80937
       286          -265.24751          52.43815        -212.80936
       287          -265.28454          52.47518        -212.80936
       288          -265.32026          52.51090        -212.80936
       289          -265.35471          52.54535        -212.80936
       290          -265.38792          52.57857        -212.80935
       291          -265.41992          52.61057        -212.80935
       292          -265.45074          52.64139        -212.80935
       293          -265.48041          52.67106        -212.80935
       294          -265.50896          52.69961        -212.80935
       295          -265.53642          52.72708        -212.80935
       296          -265.56283          52.75349        -212.80934
       297          -265.58822          52.77888        -212.80934
       298          -265.61263          52.80329        -212.80934
       299          -265.63608          52.82675        -212.80934
       300          -265.65862          52.84928        -212.80933
       301          -265.68027          52.87094        -212.80933
       302          -265.70107          52.89174        -212.80933
       303          -265.72105          52.91173        -212.80932
       304          -265.74026          52.93094        -212.80933
       305          -265.75873          52.94940        -212.80932
       306          -265.77647          52.96715        -212.80932
       307          -265.79352          52.98421        -212.80932
       308          -265.80992          53.00061        -212.80931
       309          -265.82569          53.01638        -212.80931
       310          -265.84086          53.03155        -212.80931
       311          -265.85546          53.04615        -212.80931
       312          -265.86950          53.06020        -212.80930
       313          -265.88302          53.07372        -212.80930
       314          -265.89604          53.08674        -212.80930
       315          -265.90858          53.09928        -212.80930
       316          -265.92066          53.11136        -212.80930
       317          -265.93230          53.12300        -212.80930
       318          -265.94353          53.13423        -212.80930
       319          -265.95435          53.14506        -212.80929
       320          -265.96479          53.15550        -212.80930
       321          -265.97486          53.16557        -212.80929
       322          -265.98458          53.17529        -212.80929
       323          -265.99396          53.18467        -212.80929
       324          -266.00299          53.19370        -212.80929
       325          -266.01169          53.20241        -212.80929
       326          -266.02008          53.21080        -212.80929
       327          -266.02817          53.21888        -212.80929
       328          -266.03594          53.22665        -212.80929
       329          -266.04341          53.23412        -212.80929
       330          -266.05057          53.24128        -212.80929
       331          -266.05743          53.24815        -212.80929
       332          -266.06400          53.25471        -212.80929
       333          -266.07026          53.26098        -212.80928
       334          -266.07621          53.26692        -212.80929
       335          -266.08184          53.27256        -212.80928
       336          -266.08716          53.27787        -212.80928
       337          -266.09215          53.28286        -212.80929
       338          -266.09680          53.28751        -212.80929
       339          -266.10110          53.29181        -212.80929
       340          -266.10505          53.29576        -212.80928
       341          -266.10863          53.29934        -212.80928
       342          -266.11183          53.30255        -212.80928
       343          -266.11465          53.30537        -212.80928
       344          -266.11706          53.30778        -212.80928
       345          -266.11905          53.30977        -212.80928
       346          -266.12062          53.31134        -212.80929
       347          -266.12176          53.31247        -212.80929
       348          -266.12243          53.31313        -212.80929
       349          -266.12262          53.31333        -212.80930
       350          -266.12233          53.31303        -212.80930
       351          -266.12152          53.31222        -212.80930
       352          -266.12018          53.31088        -212.80930
       353          -266.11829          53.30899        -212.80930
       354          -266.11582          53.30652        -212.80930
       355          -266.11278          53.30347        -212.80930
       356          -266.10912          53.29982        -212.80931
       357          -266.10485          53.29554        -212.80931
       358          -266.09993          53.29062        -212.80931
       359          -266.09434          53.28503        -212.80931
       360          -266.08807          53.27876        -212.80931
       361          -266.08110          53.27178        -212.80932
       362          -266.07339          53.26407        -212.80932
       363          -266.06494          53.25561        -212.80932
       364          -266.05571          53.24638        -212.80933
       365          -266.04570          53.23637        -212.80933
       366          -266.03488          53.22555        -212.80933
       367          -266.02323          53.21390        -212.80933
       368          -266.01073          53.20140        -212.80933
       369          -265.99736          53.18802        -212.80933
       370          -265.98309          53.17376        -212.80933
       371          -265.96791          53.15857        -212.80933
       372          -265.95180          53.14246        -212.80934
       373          -265.93475          53.12541        -212.80934
       374          -265.91673          53.10739        -212.80934
       375          -265.89773          53.08839        -212.80934
       376          -265.87772          53.06838        -212.80934
       377          -265.85669          53.04735        -212.80934
       378          -265.83461          53.02527        -212.80934
       379          -265.81147          53.00213        -212.80934
       380          -265.78727          52.97793        -212.80934
       381          -265.76199          52.95265        -212.80934
       382          -265.73560          52.92626        -212.80934
       383          -265.70808          52.89874        -212.80935
       384          -265.67942          52.87008        -212.80935
       385          -265.64962          52.84027        -212.80935
       386          -265.61864          52.80929        -212.80935
       387          -265.58647          52.77712        -212.80935
       388          -265.55310          52.74375        -212.80935
       389          -265.51852          52.70916        -212.80936
       390          -265.48270          52.67334        -212.80936
       391          -265.44565          52.63629        -212.80936
       392          -265.40735          52.59799        -212.80936
       393          -265.36778          52.55842        -212.80936
       394          -265.32695          52.51758        -212.80937
       395          -265.28483          52.47547        -212.80937
       396          -265.24143          52.43206        -212.80937
       397          -265.19673          52.38736        -212.80937
       398          -265.15073          52.34136        -212.80937
       399          -265.10342          52.29405        -212.80937
       400          -265.05479          52.24542        -212.80937
       401          -265.00484          52.19547        -212.80937
       402          -264.95357          52.14420        -212.80937
       403          -264.90099          52.09162        -212.80937
       404          -264.84709          52.03772        -212.80937
       405          -264.79186          51.98249        -212.80937
       406          -264.73531          51.92593        -212.80938
       407          -264.67744          51.86807        -212.80938
       408          -264.61826          51.80888        -212.80938
       409          -264.55777          51.74839        -212.80938
       410          -264.49597          51.68659        -212.80938
       411          -264.43289          51.62350        -212.80938
       412          -264.36850          51.55912        -212.80938
       413          -264.30284          51.49346        -212.80938
       414          -264.23592          51.42654        -212.80938
       415          -264.16776          51.35837        -212.80939
       416          -264.09835          51.28897        -212.80938
       417          -264.02773          51.21834        -212.80938
       418          -263.95590          51.14651        -212.80938
       419          -263.88288          51.07350        -212.80938
       420          -263.80870          50.99931        -212.80938
       421          -263.73337          50.92398        -212.80938
       422          -263.65691          50.84753        -212.80938
       423          -263.57936          50.76998        -212.80938
       424          -263.50074          50.69136        -212.80938
       425          -263.42107          50.61169        -212.80938
       426          -263.34038          50.53101        -212.80937
       427          -263.25870          50.44933        -212.80937
       428          -263.17606          50.36669        -212.80937
       429          -263.09249          50.28312        -212.80937
       430          -263.00802          50.19865        -212.80937
       431          -262.92269          50.11332        -212.80936
       432          -262.83654          50.02717        -212.80936
       433          -262.74960          49.94024        -212.80936
       434          -262.66190          49.85254        -212.80936
       435          -262.57349          49.76413        -212.80936
       436          -262.48439          49.67503        -212.80936
       437          -262.39465          49.58529        -212.80935
       438          -262.30431          49.49496        -212.80935
       439          -262.21341          49.40407        -212.80935
       440          -262.12201          49.31266        -212.80935
       441          -262.03013          49.22079        -212.80934
       442          -261.93783          49.12849        -212.80934
       443          -261.84513          49.03579        -212.80934
       444          -261.75209          48.94275        -212.80933
       445          -261.65875          48.84941        -212.80934
       446          -261.56515          48.75582        -212.80933
       447          -261.47134          48.66201        -212.80933
       448          -261.37734          48.56801        -212.80933
       449          -261.28321          48.47389        -212.80933
       450          -261.18900          48.37967        -212.80932
       451          -261.09474          48.28542        -212.80932
       452          -261.00049          48.19117        -212.80932
       453          -260.90629          48.09697        -212.80932
       454          -260.81219          48.00288        -212.80932
       455          -260.71824          47.90893        -212.80932
       456          -260.62448          47.81516        -212.80931
       457          -260.53096          47.72164        -212.80931
       458          -260.43772          47.62841        -212.80931
       459          -260.34481          47.53550        -212.80931
       460          -260.25228          47.44298        -212.80931
       461          -260.16017          47.35087        -212.80930
       462          -260.06853          47.25923        -212.80930
       463          -259.97741          47.16812        -212.80930
       464          -259.88687          47.07758        -212.80929
       465          -259.79696          46.98767        -212.80929
       466          -259.70773          46.89844        -212.80929
       467          -259.61922          46.80993        -212.80929
       468          -259.53149          46.72220        -212.80929
       469          -259.44460          46.63531        -212.80929
       470          -259.35859          46.54931        -212.80928
       471          -259.27354          46.46425        -212.80928
       472          -259.18949          46.38021        -212.80928
       473          -259.10650          46.29723        -212.80927
       474          -259.02464          46.21537        -212.80927
       475          -258.94396          46.13470        -212.80927
       476          -258.86453          46.05527        -212.80926
       477          -258.78641          45.97715        -212.80926
       478          -258.70967          45.90042        -212.80925
       479          -258.63439          45.82514        -212.80925
       480          -258.56062          45.75138        -212.80924
       481          -258.48844          45.67921        -212.80924
       482          -258.41792          45.60869        -212.80923
       483          -258.34913          45.53990        -212.80923
       484          -258.28212          45.47290        -212.80922
       485          -258.21699          45.40777        -212.80922
       486          -258.15381          45.34460        -212.80922
       487          -258.09265          45.28344        -212.80921
       488          -258.03358          45.22437        -212.80921
       489          -257.97667          45.16747        -212.80920
       490          -257.92201          45.11281        -212.80920
       491          -257.86966          45.06046        -212.80919
       492          -257.81969          45.01050        -212.80919
       493          -257.77218          44.96300        -212.80918
       494          -257.72721          44.91803        -212.80918
       495          -257.68483          44.87565        -212.80918
       496          -257.64511          44.83593        -212.80917
       497          -257.60811          44.79894        -212.80917
       498          -257.57390          44.76473        -212.80916
       499          -257.54252          44.73336        -212.80916
       500          -257.51405          44.70489        -212.80916
       501          -257.48852          44.67936        -212.80915
       502          -257.46598          44.65683        -212.80915
       503          -257.44649          44.63734        -212.80915
       504          -257.43009          44.62094        -212.80915
       505          -257.41680          44.60765        -212.80915
       506          -257.40665          44.59751        -212.80914
       507          -257.39969          44.59055        -212.80914
       508          -257.39592          44.58678        -212.80914
       509          -257.39536          44.58621        -212.80914
       510          -257.39800          44.58886        -212.80914
       511          -257.40387          44.59473        -212.80914
       512          -257.41295          44.60380        -212.80914
       513          -257.42523          44.61609        -212.80914
       514          -257.44071          44.63156        -212.80914
       515          -257.45935          44.65021        -212.80915
       516          -257.48114          44.67199        -212.80915
       517          -257.50604          44.69689        -212.80915
       518          -257.53402          44.72486        -212.80915
       519          -257.56502          44.75586        -212.80916
       520          -257.59900          44.78985        -212.80916
       521          -257.63593          44.82676        -212.80916
       522          -257.67572          44.86655        -212.80917
       523          -257.71834          44.90916        -212.80917
       524          -257.76369          44.95451        -212.80918
       525          -257.81171          45.00253        -212.80919
       526          -257.86232          45.05313        -212.80919
       527          -257.91543          45.10624        -212.80919
       528          -257.97098          45.16178        -212.80920
       529          -258.02886          45.21965        -212.80921
       530          -258.08899          45.27977        -212.80921
       531          -258.15127          45.34205        -212.80922
       532          -258.21562          45.40640        -212.80922
       533          -258.28195          45.47272        -212.80923
       534          -258.35015          45.54091        -212.80924
       535          -258.42012          45.61088        -212.80924
       536          -258.49177          45.68252        -212.80925
       537          -258.56498          45.75572        -212.80925
       538          -258.63965          45.83039        -212.80926
       539          -258.71570          45.90643        -212.80927
       540          -258.79300          45.98373        -212.80927
       541          -258.87147          46.06219        -212.80928
       542          -258.95099          46.14171        -212.80928
       543          -259.03149          46.22220        -212.80929
       544          -259.11284          46.30355        -212.80929
       545          -259.19496          46.38567        -212.80930
       546          -259.27776          46.46845        -212.80930
       547          -259.36113          46.55181        -212.80931
       548          -259.44498          46.63567        -212.80932
       549          -259.52924          46.71991        -212.80932
       550          -259.61380          46.80447        -212.80933
       551          -259.69860          46.88927        -212.80933
       552          -259.78354          46.97421        -212.80933
       553          -259.86855          47.05921        -212.80934
       554          -259.95356          47.14422        -212.80934
       555          -260.03849          47.22914        -212.80935
       556          -260.12328          47.31393        -212.80935
       557          -260.20786          47.39850        -212.80936
       558          -260.29216          47.48280        -212.80936
       559          -260.37613          47.56677        -212.80936
       560          -260.45972          47.65036        -212.80936
       561          -260.54287          47.73350        -212.80937
       562          -260.62553          47.81615        -212.80937
       563          -260.70765          47.89827        -212.80938
       564          -260.78918          47.97980        -212.80938
       565          -260.87009          48.06071        -212.80938
       566          -260.95033          48.14095        -212.80938
       567          -261.02988          48.22050        -212.80938
       568          -261.10871          48.29932        -212.80939
       569          -261.18678          48.37739        -212.80939
       570          -261.26407          48.45468        -212.80939
       571          -261.34056          48.53117        -212.80939
       572          -261.41623          48.60684        -212.80939
       573          -261.49106          48.68167        -212.80939
       574          -261.56502          48.75563        -212.80939
       575          -261.63810          48.82872        -212.80939
       576          -261.71030          48.90091        -212.80939
       577          -261.78159          48.97221        -212.80939
       578          -261.85198          49.04259        -212.80939
       579          -261.92144          49.11205        -212.80939
       580          -261.98998          49.18059        -212.80939
       581          -262.05759          49.24820        -212.80939
       582          -262.12426          49.31487        -212.80939
       583          -262.18999          49.38060        -212.80939
       584          -262.25478          49.44539        -212.80939
       585          -262.31862          49.50924        -212.80939
       586          -262.38153          49.57214        -212.80939
       587          -262.44348          49.63409        -212.80939
       588          -262.50449          49.69510        -212.80939
       589          -262.56454          49.75515        -212.80939
       590          -262.62364          49.81425        -212.80939
       591          -262.68180          49.87240        -212.80939
       592          -262.73900          49.92961        -212.80939
       593          -262.79525          49.98586        -212.80939
       594          -262.85055          50.04115        -212.80939
       595          -262.90488          50.09549        -212.80939
       596          -262.95825          50.14886        -212.80939
       597          -263.01065          50.20126        -212.80939
       598          -263.06208          50.25269        -212.80939
       599          -263.11253          50.30314        -212.80939
       600          -263.16200          50.35261        -212.80939
Time (in sec):         0.37
